0 info it worked if it ends with ok
1 verbose cli [ '/usr/local/Cellar/node/7.2.1/bin/node',
1 verbose cli   '/usr/local/bin/npm',
1 verbose cli   'run',
1 verbose cli   'lint' ]
2 info using npm@3.10.9
3 info using node@v7.2.1
4 verbose run-script [ 'prelint', 'lint', 'postlint' ]
5 info lifecycle scottpilgrim-api@1.0.0~prelint: scottpilgrim-api@1.0.0
6 silly lifecycle scottpilgrim-api@1.0.0~prelint: no script for prelint, continuing
7 info lifecycle scottpilgrim-api@1.0.0~lint: scottpilgrim-api@1.0.0
8 verbose lifecycle scottpilgrim-api@1.0.0~lint: unsafe-perm in lifecycle true
9 verbose lifecycle scottpilgrim-api@1.0.0~lint: PATH: /usr/local/lib/node_modules/npm/bin/node-gyp-bin:/Users/soapmkr/codes/scottpilgrims/api/node_modules/.bin:/usr/local/Cellar/node/7.2.1/bin:/opt/facebook/bin:/usr/local/bin:/usr/bin:/bin:/usr/sbin:/sbin:/opt/homebrew/bin:/opt/facebook/nuclide/latest/nuclide/pkg/fb-biggrep-cli/bin:/opt/facebook/hg/bin:/usr/local/munki:/Users/soapmkr/scripts/
10 verbose lifecycle scottpilgrim-api@1.0.0~lint: CWD: /Users/soapmkr/codes/scottpilgrims/api
11 silly lifecycle scottpilgrim-api@1.0.0~lint: Args: [ '-c', 'esw -w src test' ]
12 silly lifecycle scottpilgrim-api@1.0.0~lint: Returned: code: 1  signal: null
13 info lifecycle scottpilgrim-api@1.0.0~lint: Failed to exec lint script
14 verbose stack Error: scottpilgrim-api@1.0.0 lint: `esw -w src test`
14 verbose stack Exit status 1
14 verbose stack     at EventEmitter.<anonymous> (/usr/local/lib/node_modules/npm/lib/utils/lifecycle.js:255:16)
14 verbose stack     at emitTwo (events.js:106:13)
14 verbose stack     at EventEmitter.emit (events.js:191:7)
14 verbose stack     at ChildProcess.<anonymous> (/usr/local/lib/node_modules/npm/lib/utils/spawn.js:40:14)
14 verbose stack     at emitTwo (events.js:106:13)
14 verbose stack     at ChildProcess.emit (events.js:191:7)
14 verbose stack     at maybeClose (internal/child_process.js:885:16)
14 verbose stack     at Process.ChildProcess._handle.onexit (internal/child_process.js:226:5)
15 verbose pkgid scottpilgrim-api@1.0.0
16 verbose cwd /Users/soapmkr/codes/scottpilgrims/api
17 error Darwin 16.7.0
18 error argv "/usr/local/Cellar/node/7.2.1/bin/node" "/usr/local/bin/npm" "run" "lint"
19 error node v7.2.1
20 error npm  v3.10.9
21 error code ELIFECYCLE
22 error scottpilgrim-api@1.0.0 lint: `esw -w src test`
22 error Exit status 1
23 error Failed at the scottpilgrim-api@1.0.0 lint script 'esw -w src test'.
23 error Make sure you have the latest version of node.js and npm installed.
23 error If you do, this is most likely a problem with the scottpilgrim-api package,
23 error not with npm itself.
23 error Tell the author that this fails on your system:
23 error     esw -w src test
23 error You can get information on how to open an issue for this project with:
23 error     npm bugs scottpilgrim-api
23 error Or if that isn't available, you can get their info via:
23 error     npm owner ls scottpilgrim-api
23 error There is likely additional logging output above.
24 verbose exit [ 1, true ]
